<?xml version="1.0" encoding="UTF-8"?>
<testsuite name="edu.southtexascollege.PostSpec" tests="1" skipped="0" failures="1" errors="0" timestamp="2016-03-26T22:16:24" hostname="storm.local" time="0.114">
  <properties/>
  <testcase name="test something" classname="edu.southtexascollege.PostSpec" time="0.114">
    <failure message="Condition not satisfied:&#10;&#10;true == false&#10;     |&#10;     false&#10;" type="org.spockframework.runtime.SpockComparisonFailure">Condition not satisfied:

true == false
     |
     false

	at edu.southtexascollege.PostSpec.test something(PostSpec.groovy:20)
</failure>
  </testcase>
  <system-out><![CDATA[]]></system-out>
  <system-err><![CDATA[]]></system-err>
</testsuite>
